10.08.2022-10:38:38 INFO FMU_Continuous: -------------------------Initializing class FMU_Continuous-------------------------
10.08.2022-10:38:38 INFO FMU_Continuous: Extracting fmu and reading fmu model description
10.08.2022-10:38:38 INFO FMU_Continuous: Reading model variables
10.08.2022-10:38:38 INFO FMU_Continuous: Instantiating fmu for worker 0
10.08.2022-10:39:04 INFO FMU_Continuous: -------------------------Initializing class FMU_Continuous-------------------------
10.08.2022-10:39:04 INFO FMU_Continuous: Extracting fmu and reading fmu model description
10.08.2022-10:39:39 INFO FMU_Continuous: -------------------------Initializing class FMU_Continuous-------------------------
10.08.2022-10:39:39 INFO FMU_Continuous: Extracting fmu and reading fmu model description
10.08.2022-10:39:39 INFO FMU_Continuous: Reading model variables
10.08.2022-10:39:39 INFO FMU_Continuous: Instantiating fmu for worker 0
10.08.2022-11:28:15 INFO FMU_Continuous: -------------------------Initializing class FMU_Continuous-------------------------
10.08.2022-11:30:15 INFO FMU_Continuous: -------------------------Initializing class FMU_Continuous-------------------------
10.08.2022-11:33:25 INFO FMU_Continuous: -------------------------Initializing class FMU_Continuous-------------------------
10.08.2022-11:56:36 INFO FMU_Continuous: -------------------------Initializing class FMU_Continuous-------------------------
10.08.2022-11:56:36 INFO FMU_Continuous: Extracting fmu and reading fmu model description
10.08.2022-11:57:49 INFO FMU_Continuous: -------------------------Initializing class FMU_Continuous-------------------------
10.08.2022-11:57:49 INFO FMU_Continuous: Extracting fmu and reading fmu model description
10.08.2022-11:57:49 INFO FMU_Continuous: Reading model variables
10.08.2022-11:59:21 INFO FMU_Continuous: -------------------------Initializing class FMU_Continuous-------------------------
10.08.2022-11:59:21 INFO FMU_Continuous: Extracting fmu and reading fmu model description
10.08.2022-11:59:21 INFO FMU_Continuous: Reading model variables
10.08.2022-11:59:21 INFO FMU_Continuous: Instantiating fmu for worker 0
10.08.2022-12:01:25 INFO FMU_Continuous: -------------------------Initializing class FMU_Continuous-------------------------
10.08.2022-12:01:25 INFO FMU_Continuous: Extracting fmu and reading fmu model description
10.08.2022-12:01:50 INFO FMU_Continuous: -------------------------Initializing class FMU_Continuous-------------------------
10.08.2022-12:01:50 INFO FMU_Continuous: Extracting fmu and reading fmu model description
10.08.2022-12:01:51 INFO FMU_Continuous: Reading model variables
10.08.2022-12:01:51 INFO FMU_Continuous: Instantiating fmu for worker 0
10.08.2022-12:03:44 INFO FMU_Continuous: -------------------------Initializing class FMU_Continuous-------------------------
10.08.2022-12:03:44 INFO FMU_Continuous: Extracting fmu and reading fmu model description
10.08.2022-12:03:44 INFO FMU_Continuous: Reading model variables
10.08.2022-12:03:44 INFO FMU_Continuous: Instantiating fmu for worker 0
10.08.2022-12:03:44 ERROR FMU_Continuous: [SIMULATION ERROR] Error occurred while running FMU: 
 'SimulationSetupFMU_Continuous' object has no attribute 'solver'
10.08.2022-12:05:32 INFO FMU_Continuous: -------------------------Initializing class FMU_Continuous-------------------------
10.08.2022-12:05:32 INFO FMU_Continuous: Extracting fmu and reading fmu model description
10.08.2022-12:05:32 INFO FMU_Continuous: Reading model variables
10.08.2022-12:05:32 INFO FMU_Continuous: Instantiating fmu for worker 0
10.08.2022-12:06:41 INFO FMU_Continuous: -------------------------Initializing class FMU_Continuous-------------------------
10.08.2022-12:06:41 INFO FMU_Continuous: Extracting fmu and reading fmu model description
10.08.2022-12:06:41 INFO FMU_Continuous: Reading model variables
10.08.2022-12:06:41 INFO FMU_Continuous: Instantiating fmu for worker 0
10.08.2022-12:07:01 INFO FMU_Continuous: FMU "HeatPumpSystemForTMO2" closed
10.08.2022-12:08:21 INFO FMU_Continuous: -------------------------Initializing class FMU_Continuous-------------------------
10.08.2022-12:08:28 INFO FMU_Continuous: Extracting fmu and reading fmu model description
10.08.2022-12:08:29 INFO FMU_Continuous: Reading model variables
10.08.2022-12:08:29 INFO FMU_Continuous: Instantiating fmu for worker 0
10.08.2022-12:08:43 INFO FMU_Continuous: -------------------------Initializing class FMU_Continuous-------------------------
10.08.2022-12:08:43 INFO FMU_Continuous: Extracting fmu and reading fmu model description
10.08.2022-12:08:43 INFO FMU_Continuous: Reading model variables
10.08.2022-12:08:43 INFO FMU_Continuous: Instantiating fmu for worker 0
10.08.2022-12:09:52 INFO FMU_Continuous: FMU "HeatPumpSystemForTMO2" closed
10.08.2022-12:17:03 INFO FMU_Continuous: -------------------------Initializing class FMU_Continuous-------------------------
10.08.2022-12:17:03 INFO FMU_Continuous: Extracting fmu and reading fmu model description
10.08.2022-12:17:38 INFO FMU_Continuous: -------------------------Initializing class FMU_Continuous-------------------------
10.08.2022-12:17:38 INFO FMU_Continuous: Extracting fmu and reading fmu model description
10.08.2022-12:17:38 INFO FMU_Continuous: Reading model variables
10.08.2022-12:17:38 INFO FMU_Continuous: Instantiating fmu for worker 0
10.08.2022-12:19:09 INFO FMU_Continuous: -------------------------Initializing class FMU_Continuous-------------------------
10.08.2022-12:19:09 INFO FMU_Continuous: Extracting fmu and reading fmu model description
10.08.2022-12:19:34 INFO FMU_Continuous: -------------------------Initializing class FMU_Continuous-------------------------
10.08.2022-12:19:34 INFO FMU_Continuous: Extracting fmu and reading fmu model description
10.08.2022-12:19:34 INFO FMU_Continuous: Reading model variables
10.08.2022-12:19:34 INFO FMU_Continuous: Extracting fmu 2 times for multiprocessing on 2 processes
10.08.2022-12:20:20 INFO FMU_Continuous: -------------------------Initializing class FMU_Continuous-------------------------
10.08.2022-12:20:20 INFO FMU_Continuous: Extracting fmu and reading fmu model description
10.08.2022-12:20:21 INFO FMU_Continuous: Reading model variables
10.08.2022-12:20:21 INFO FMU_Continuous: Extracting fmu 2 times for multiprocessing on 2 processes
10.08.2022-12:21:14 INFO FMU_Continuous: -------------------------Initializing class FMU_Continuous-------------------------
10.08.2022-12:21:14 INFO FMU_Continuous: Extracting fmu and reading fmu model description
10.08.2022-12:21:14 INFO FMU_Continuous: Reading model variables
10.08.2022-12:21:14 INFO FMU_Continuous: Extracting fmu 2 times for multiprocessing on 2 processes
10.08.2022-12:32:05 INFO FMU_Continuous: -------------------------Initializing class FMU_Continuous-------------------------
10.08.2022-12:32:05 INFO FMU_Continuous: Extracting fmu and reading fmu model description
10.08.2022-12:32:05 INFO FMU_Continuous: Reading model variables
10.08.2022-12:32:05 INFO FMU_Continuous: Extracting fmu 2 times for multiprocessing on 2 processes
10.08.2022-12:51:39 INFO FMU_Continuous: -------------------------Initializing class FMU_Continuous-------------------------
10.08.2022-12:51:39 INFO FMU_Continuous: Extracting fmu and reading fmu model description
10.08.2022-12:51:39 INFO FMU_Continuous: Reading model variables
10.08.2022-12:51:39 INFO FMU_Continuous: Extracting fmu 2 times for multiprocessing on 2 processes
10.08.2022-12:53:41 INFO FMU_Continuous: Instantiated fmu's on all processes.
10.08.2022-12:53:41 INFO FMU_Continuous: Starting 50 simulations on 2 cores
10.08.2022-12:53:42 INFO FMU_Continuous: Finished 10 % of all 50 simulations
10.08.2022-12:53:42 INFO FMU_Continuous: Finished 20 % of all 50 simulations
10.08.2022-12:53:42 INFO FMU_Continuous: Finished 30 % of all 50 simulations
10.08.2022-12:53:43 INFO FMU_Continuous: Finished 40 % of all 50 simulations
10.08.2022-12:53:43 INFO FMU_Continuous: Finished 50 % of all 50 simulations
10.08.2022-12:53:43 INFO FMU_Continuous: Finished 60 % of all 50 simulations
10.08.2022-12:53:44 INFO FMU_Continuous: Finished 70 % of all 50 simulations
10.08.2022-12:53:44 INFO FMU_Continuous: Finished 80 % of all 50 simulations
10.08.2022-12:53:45 INFO FMU_Continuous: Finished 90 % of all 50 simulations
10.08.2022-12:53:45 INFO FMU_Continuous: Finished 100 % of all 50 simulations
10.08.2022-12:54:05 INFO FMU_Continuous: -------------------------Initializing class FMU_Continuous-------------------------
10.08.2022-12:54:05 INFO FMU_Continuous: Extracting fmu and reading fmu model description
10.08.2022-12:54:05 INFO FMU_Continuous: Reading model variables
10.08.2022-12:54:05 INFO FMU_Continuous: Extracting fmu 2 times for multiprocessing on 2 processes
10.08.2022-12:54:42 INFO FMU_Continuous: -------------------------Initializing class FMU_Continuous-------------------------
10.08.2022-12:54:42 INFO FMU_Continuous: Extracting fmu and reading fmu model description
10.08.2022-12:54:43 INFO FMU_Continuous: Reading model variables
10.08.2022-12:54:43 INFO FMU_Continuous: Extracting fmu 2 times for multiprocessing on 2 processes
10.08.2022-12:55:36 INFO FMU_Continuous: Instantiated fmu's on all processes.
10.08.2022-12:55:36 INFO FMU_Continuous: Starting 50 simulations on 2 cores
10.08.2022-12:55:37 INFO FMU_Continuous: Finished 10 % of all 50 simulations
10.08.2022-12:55:37 INFO FMU_Continuous: Finished 20 % of all 50 simulations
10.08.2022-12:55:38 INFO FMU_Continuous: Finished 30 % of all 50 simulations
10.08.2022-12:55:38 INFO FMU_Continuous: Finished 40 % of all 50 simulations
10.08.2022-12:55:38 INFO FMU_Continuous: Finished 50 % of all 50 simulations
10.08.2022-12:55:39 INFO FMU_Continuous: Finished 60 % of all 50 simulations
10.08.2022-12:55:39 INFO FMU_Continuous: Finished 70 % of all 50 simulations
10.08.2022-12:55:40 INFO FMU_Continuous: Finished 80 % of all 50 simulations
10.08.2022-12:55:40 INFO FMU_Continuous: Finished 90 % of all 50 simulations
10.08.2022-12:55:40 INFO FMU_Continuous: Finished 100 % of all 50 simulations
10.08.2022-13:04:31 INFO FMU_Continuous: -------------------------Initializing class FMU_Continuous-------------------------
10.08.2022-13:04:31 INFO FMU_Continuous: Extracting fmu and reading fmu model description
10.08.2022-13:04:32 INFO FMU_Continuous: Reading model variables
10.08.2022-13:04:32 INFO FMU_Continuous: Extracting fmu 2 times for multiprocessing on 2 processes
10.08.2022-13:04:40 INFO FMU_Continuous: Instantiated fmu's on all processes.
10.08.2022-13:04:40 INFO FMU_Continuous: Starting 50 simulations on 2 cores
10.08.2022-13:04:40 INFO FMU_Continuous: Finished 10 % of all 50 simulations
10.08.2022-13:04:40 INFO FMU_Continuous: Finished 20 % of all 50 simulations
10.08.2022-13:04:41 INFO FMU_Continuous: Finished 30 % of all 50 simulations
10.08.2022-13:04:41 INFO FMU_Continuous: Finished 40 % of all 50 simulations
10.08.2022-13:04:41 INFO FMU_Continuous: Finished 50 % of all 50 simulations
10.08.2022-13:04:42 INFO FMU_Continuous: Finished 60 % of all 50 simulations
10.08.2022-13:04:42 INFO FMU_Continuous: Finished 70 % of all 50 simulations
10.08.2022-13:04:42 INFO FMU_Continuous: Finished 80 % of all 50 simulations
10.08.2022-13:04:43 INFO FMU_Continuous: Finished 90 % of all 50 simulations
10.08.2022-13:04:43 INFO FMU_Continuous: Finished 100 % of all 50 simulations
10.08.2022-13:05:34 INFO FMU_Continuous: -------------------------Initializing class FMU_Continuous-------------------------
10.08.2022-13:05:34 INFO FMU_Continuous: Extracting fmu and reading fmu model description
10.08.2022-13:05:34 INFO FMU_Continuous: Reading model variables
10.08.2022-13:05:34 INFO FMU_Continuous: Extracting fmu 2 times for multiprocessing on 2 processes
10.08.2022-13:05:42 INFO FMU_Continuous: Instantiated fmu's on all processes.
10.08.2022-13:05:46 INFO FMU_Continuous: Starting 50 simulations on 2 cores
10.08.2022-13:05:47 INFO FMU_Continuous: Finished 10 % of all 50 simulations
10.08.2022-13:05:47 INFO FMU_Continuous: Finished 20 % of all 50 simulations
10.08.2022-13:05:47 INFO FMU_Continuous: Finished 30 % of all 50 simulations
10.08.2022-13:05:48 INFO FMU_Continuous: Finished 40 % of all 50 simulations
10.08.2022-13:05:48 INFO FMU_Continuous: Finished 50 % of all 50 simulations
10.08.2022-13:05:48 INFO FMU_Continuous: Finished 60 % of all 50 simulations
10.08.2022-13:05:49 INFO FMU_Continuous: Finished 70 % of all 50 simulations
10.08.2022-13:05:49 INFO FMU_Continuous: Finished 80 % of all 50 simulations
10.08.2022-13:05:50 INFO FMU_Continuous: Finished 90 % of all 50 simulations
10.08.2022-13:05:50 INFO FMU_Continuous: Finished 100 % of all 50 simulations
10.08.2022-13:06:12 INFO FMU_Continuous: -------------------------Initializing class FMU_Continuous-------------------------
10.08.2022-13:06:12 INFO FMU_Continuous: Extracting fmu and reading fmu model description
10.08.2022-13:06:13 INFO FMU_Continuous: Reading model variables
10.08.2022-13:06:13 INFO FMU_Continuous: Extracting fmu 2 times for multiprocessing on 2 processes
10.08.2022-13:07:10 INFO FMU_Continuous: -------------------------Initializing class FMU_Continuous-------------------------
10.08.2022-13:07:10 INFO FMU_Continuous: Extracting fmu and reading fmu model description
10.08.2022-13:07:10 INFO FMU_Continuous: Reading model variables
10.08.2022-13:07:10 INFO FMU_Continuous: Extracting fmu 2 times for multiprocessing on 2 processes
10.08.2022-13:07:12 INFO FMU_Continuous: Instantiated fmu's on all processes.
10.08.2022-13:07:12 INFO FMU_Continuous: Starting 50 simulations on 2 cores
10.08.2022-13:07:13 INFO FMU_Continuous: Finished 10 % of all 50 simulations
10.08.2022-13:07:13 INFO FMU_Continuous: Finished 20 % of all 50 simulations
10.08.2022-13:07:13 INFO FMU_Continuous: Finished 30 % of all 50 simulations
10.08.2022-13:07:14 INFO FMU_Continuous: Finished 40 % of all 50 simulations
10.08.2022-13:07:14 INFO FMU_Continuous: Finished 50 % of all 50 simulations
10.08.2022-13:07:14 INFO FMU_Continuous: Finished 60 % of all 50 simulations
10.08.2022-13:07:15 INFO FMU_Continuous: Finished 70 % of all 50 simulations
10.08.2022-13:07:15 INFO FMU_Continuous: Finished 80 % of all 50 simulations
10.08.2022-13:07:15 INFO FMU_Continuous: Finished 90 % of all 50 simulations
10.08.2022-13:07:16 INFO FMU_Continuous: Finished 100 % of all 50 simulations
10.08.2022-13:07:40 INFO FMU_Continuous: -------------------------Initializing class FMU_Continuous-------------------------
10.08.2022-13:07:40 INFO FMU_Continuous: Extracting fmu and reading fmu model description
10.08.2022-13:07:40 INFO FMU_Continuous: Reading model variables
10.08.2022-13:07:40 INFO FMU_Continuous: Extracting fmu 2 times for multiprocessing on 2 processes
10.08.2022-13:18:42 INFO FMU_Continuous: -------------------------Initializing class FMU_Continuous-------------------------
10.08.2022-13:18:42 INFO FMU_Continuous: Extracting fmu and reading fmu model description
10.08.2022-13:18:42 INFO FMU_Continuous: Reading model variables
10.08.2022-13:18:42 INFO FMU_Continuous: Extracting fmu 2 times for multiprocessing on 2 processes
10.08.2022-13:18:44 INFO FMU_Continuous: Instantiated fmu's on all processes.
10.08.2022-13:18:44 INFO FMU_Continuous: Starting 50 simulations on 2 cores
10.08.2022-13:18:44 INFO FMU_Continuous: Finished 10 % of all 50 simulations
10.08.2022-13:18:44 INFO FMU_Continuous: Finished 20 % of all 50 simulations
10.08.2022-13:18:45 INFO FMU_Continuous: Finished 30 % of all 50 simulations
10.08.2022-13:18:45 INFO FMU_Continuous: Finished 40 % of all 50 simulations
10.08.2022-13:18:46 INFO FMU_Continuous: Finished 50 % of all 50 simulations
10.08.2022-13:18:46 INFO FMU_Continuous: Finished 60 % of all 50 simulations
10.08.2022-13:18:46 INFO FMU_Continuous: Finished 70 % of all 50 simulations
10.08.2022-13:18:46 INFO FMU_Continuous: Finished 80 % of all 50 simulations
10.08.2022-13:18:47 INFO FMU_Continuous: Finished 90 % of all 50 simulations
10.08.2022-13:18:47 INFO FMU_Continuous: Finished 100 % of all 50 simulations
10.08.2022-13:38:10 INFO FMU_Continuous: -------------------------Initializing class FMU_Continuous-------------------------
10.08.2022-13:38:10 INFO FMU_Continuous: Extracting fmu and reading fmu model description
10.08.2022-13:38:10 INFO FMU_Continuous: Reading model variables
10.08.2022-13:38:10 INFO FMU_Continuous: Extracting fmu 2 times for multiprocessing on 2 processes
10.08.2022-14:39:08 INFO FMU_Continuous: -------------------------Initializing class FMU_Continuous-------------------------
10.08.2022-14:39:08 INFO FMU_Continuous: Extracting fmu and reading fmu model description
10.08.2022-14:39:08 INFO FMU_Continuous: Reading model variables
10.08.2022-14:39:08 INFO FMU_Continuous: Extracting fmu 2 times for multiprocessing on 2 processes
10.08.2022-14:42:32 INFO FMU_Continuous: -------------------------Initializing class FMU_Continuous-------------------------
10.08.2022-14:42:32 INFO FMU_Continuous: Extracting fmu and reading fmu model description
10.08.2022-14:42:32 INFO FMU_Continuous: Reading model variables
10.08.2022-14:42:32 INFO FMU_Continuous: Extracting fmu 2 times for multiprocessing on 2 processes
10.08.2022-14:43:02 INFO FMU_Continuous: -------------------------Initializing class FMU_Continuous-------------------------
10.08.2022-14:43:02 INFO FMU_Continuous: Extracting fmu and reading fmu model description
10.08.2022-14:43:02 INFO FMU_Continuous: Reading model variables
10.08.2022-14:43:02 INFO FMU_Continuous: Extracting fmu 2 times for multiprocessing on 2 processes
10.08.2022-14:43:04 INFO FMU_Continuous: Instantiated fmu's on all processes.
10.08.2022-14:43:04 INFO FMU_Continuous: Starting 50 simulations on 2 cores
10.08.2022-14:43:05 INFO FMU_Continuous: Finished 10 % of all 50 simulations
10.08.2022-14:43:05 INFO FMU_Continuous: Finished 20 % of all 50 simulations
10.08.2022-14:43:06 INFO FMU_Continuous: Finished 30 % of all 50 simulations
10.08.2022-14:43:06 INFO FMU_Continuous: Finished 40 % of all 50 simulations
10.08.2022-14:43:06 INFO FMU_Continuous: Finished 50 % of all 50 simulations
10.08.2022-14:43:07 INFO FMU_Continuous: Finished 60 % of all 50 simulations
10.08.2022-14:43:07 INFO FMU_Continuous: Finished 70 % of all 50 simulations
10.08.2022-14:43:07 INFO FMU_Continuous: Finished 80 % of all 50 simulations
10.08.2022-14:43:08 INFO FMU_Continuous: Finished 90 % of all 50 simulations
10.08.2022-14:43:08 INFO FMU_Continuous: Finished 100 % of all 50 simulations
10.08.2022-14:43:46 INFO FMU_Continuous: -------------------------Initializing class FMU_Continuous-------------------------
10.08.2022-14:43:46 INFO FMU_Continuous: Extracting fmu and reading fmu model description
10.08.2022-14:43:46 INFO FMU_Continuous: Reading model variables
10.08.2022-14:43:47 INFO FMU_Continuous: Extracting fmu 2 times for multiprocessing on 2 processes
10.08.2022-14:43:49 INFO FMU_Continuous: Instantiated fmu's on all processes.
10.08.2022-14:43:49 INFO FMU_Continuous: Starting 50 simulations on 2 cores
10.08.2022-14:43:49 INFO FMU_Continuous: Finished 10 % of all 50 simulations
10.08.2022-14:43:49 INFO FMU_Continuous: Finished 20 % of all 50 simulations
10.08.2022-14:43:50 INFO FMU_Continuous: Finished 30 % of all 50 simulations
10.08.2022-14:43:50 INFO FMU_Continuous: Finished 40 % of all 50 simulations
10.08.2022-14:43:50 INFO FMU_Continuous: Finished 50 % of all 50 simulations
10.08.2022-14:43:51 INFO FMU_Continuous: Finished 60 % of all 50 simulations
10.08.2022-14:43:51 INFO FMU_Continuous: Finished 70 % of all 50 simulations
10.08.2022-14:43:51 INFO FMU_Continuous: Finished 80 % of all 50 simulations
10.08.2022-14:43:52 INFO FMU_Continuous: Finished 90 % of all 50 simulations
10.08.2022-14:43:52 INFO FMU_Continuous: Finished 100 % of all 50 simulations
10.08.2022-14:44:39 INFO FMU_Continuous: -------------------------Initializing class FMU_Continuous-------------------------
10.08.2022-14:44:39 INFO FMU_Continuous: Extracting fmu and reading fmu model description
10.08.2022-14:44:39 INFO FMU_Continuous: Reading model variables
10.08.2022-14:44:39 INFO FMU_Continuous: Extracting fmu 2 times for multiprocessing on 2 processes
10.08.2022-14:44:41 INFO FMU_Continuous: Instantiated fmu's on all processes.
10.08.2022-14:44:41 INFO FMU_Continuous: Starting 50 simulations on 2 cores
10.08.2022-14:44:42 INFO FMU_Continuous: Finished 10 % of all 50 simulations
10.08.2022-14:44:42 INFO FMU_Continuous: Finished 20 % of all 50 simulations
10.08.2022-14:44:42 INFO FMU_Continuous: Finished 30 % of all 50 simulations
10.08.2022-14:44:43 INFO FMU_Continuous: Finished 40 % of all 50 simulations
10.08.2022-14:44:43 INFO FMU_Continuous: Finished 50 % of all 50 simulations
10.08.2022-14:44:43 INFO FMU_Continuous: Finished 60 % of all 50 simulations
10.08.2022-14:44:44 INFO FMU_Continuous: Finished 70 % of all 50 simulations
10.08.2022-14:44:44 INFO FMU_Continuous: Finished 80 % of all 50 simulations
10.08.2022-14:44:44 INFO FMU_Continuous: Finished 90 % of all 50 simulations
10.08.2022-14:44:45 INFO FMU_Continuous: Finished 100 % of all 50 simulations
10.08.2022-14:45:10 INFO FMU_Continuous: -------------------------Initializing class FMU_Continuous-------------------------
10.08.2022-14:45:10 INFO FMU_Continuous: Extracting fmu and reading fmu model description
10.08.2022-14:45:10 INFO FMU_Continuous: Reading model variables
10.08.2022-14:45:10 INFO FMU_Continuous: Extracting fmu 2 times for multiprocessing on 2 processes
10.08.2022-14:45:12 INFO FMU_Continuous: Instantiated fmu's on all processes.
10.08.2022-14:45:12 INFO FMU_Continuous: Starting 2 simulations on 2 cores
10.08.2022-14:45:27 INFO FMU_Continuous: -------------------------Initializing class FMU_Continuous-------------------------
10.08.2022-14:45:27 INFO FMU_Continuous: Extracting fmu and reading fmu model description
10.08.2022-14:45:28 INFO FMU_Continuous: Reading model variables
10.08.2022-14:45:28 INFO FMU_Continuous: Extracting fmu 2 times for multiprocessing on 2 processes
10.08.2022-14:45:30 INFO FMU_Continuous: Instantiated fmu's on all processes.
10.08.2022-14:45:30 INFO FMU_Continuous: Starting 2 simulations on 2 cores
10.08.2022-14:46:05 INFO FMU_Continuous: -------------------------Initializing class FMU_Continuous-------------------------
10.08.2022-14:46:05 INFO FMU_Continuous: Extracting fmu and reading fmu model description
10.08.2022-14:46:05 INFO FMU_Continuous: Reading model variables
10.08.2022-14:46:05 INFO FMU_Continuous: Extracting fmu 2 times for multiprocessing on 2 processes
15.08.2022-11:18:56 INFO FMU_Continuous: -------------------------Initializing class FMU_Continuous-------------------------
15.08.2022-11:18:56 INFO FMU_Continuous: Extracting fmu and reading fmu model description
15.08.2022-11:18:56 INFO FMU_Continuous: Reading model variables
15.08.2022-11:18:56 INFO FMU_Continuous: Extracting fmu 2 times for multiprocessing on 2 processes
15.08.2022-11:19:06 INFO FMU_Continuous: -------------------------Initializing class FMU_Continuous-------------------------
15.08.2022-11:19:06 INFO FMU_Continuous: Extracting fmu and reading fmu model description
15.08.2022-11:19:07 INFO FMU_Continuous: Reading model variables
15.08.2022-11:19:07 INFO FMU_Continuous: Extracting fmu 2 times for multiprocessing on 2 processes
15.08.2022-11:19:09 INFO FMU_Continuous: Instantiated fmu's on all processes.
15.08.2022-11:19:23 INFO FMU_Continuous: -------------------------Initializing class FMU_Continuous-------------------------
15.08.2022-11:19:23 INFO FMU_Continuous: Extracting fmu and reading fmu model description
15.08.2022-11:19:23 INFO FMU_Continuous: Reading model variables
15.08.2022-11:19:23 INFO FMU_Continuous: Extracting fmu 2 times for multiprocessing on 2 processes
15.08.2022-11:19:25 INFO FMU_Continuous: Instantiated fmu's on all processes.
15.08.2022-11:19:25 INFO FMU_Continuous: Starting 2 simulations on 2 cores
15.08.2022-11:19:36 INFO FMU_Continuous: -------------------------Initializing class FMU_Continuous-------------------------
15.08.2022-11:19:36 INFO FMU_Continuous: Extracting fmu and reading fmu model description
15.08.2022-11:19:36 INFO FMU_Continuous: Reading model variables
15.08.2022-11:19:37 INFO FMU_Continuous: Extracting fmu 2 times for multiprocessing on 2 processes
15.08.2022-11:19:39 INFO FMU_Continuous: Instantiated fmu's on all processes.
15.08.2022-11:19:39 INFO FMU_Continuous: Starting 2 simulations on 2 cores
15.08.2022-11:19:56 INFO FMU_Continuous: -------------------------Initializing class FMU_Continuous-------------------------
15.08.2022-11:19:56 INFO FMU_Continuous: Extracting fmu and reading fmu model description
15.08.2022-11:19:56 INFO FMU_Continuous: Reading model variables
15.08.2022-11:19:56 INFO FMU_Continuous: Extracting fmu 2 times for multiprocessing on 2 processes
15.08.2022-11:19:58 INFO FMU_Continuous: Instantiated fmu's on all processes.
15.08.2022-11:19:58 INFO FMU_Continuous: Starting 10 simulations on 2 cores
15.08.2022-11:19:58 INFO FMU_Continuous: Finished 10 % of all 10 simulations
15.08.2022-11:19:58 INFO FMU_Continuous: Finished 20 % of all 10 simulations
15.08.2022-11:19:59 INFO FMU_Continuous: Finished 30 % of all 10 simulations
15.08.2022-11:19:59 INFO FMU_Continuous: Finished 40 % of all 10 simulations
15.08.2022-11:19:59 INFO FMU_Continuous: Finished 50 % of all 10 simulations
15.08.2022-11:19:59 INFO FMU_Continuous: Finished 60 % of all 10 simulations
15.08.2022-11:19:59 INFO FMU_Continuous: Finished 70 % of all 10 simulations
15.08.2022-11:19:59 INFO FMU_Continuous: Finished 80 % of all 10 simulations
15.08.2022-11:19:59 INFO FMU_Continuous: Finished 90 % of all 10 simulations
15.08.2022-11:19:59 INFO FMU_Continuous: Finished 100 % of all 10 simulations
18.08.2022-10:11:35 INFO FMU_Continuous: -------------------------Initializing class FMU_Continuous-------------------------
18.08.2022-10:11:35 INFO FMU_Continuous: Extracting fmu and reading fmu model description
18.08.2022-10:11:35 INFO FMU_Continuous: Reading model variables
18.08.2022-10:11:35 INFO FMU_Continuous: Extracting fmu 2 times for multiprocessing on 2 processes
18.08.2022-10:11:58 INFO FMU_Continuous: -------------------------Initializing class FMU_Continuous-------------------------
18.08.2022-10:11:58 INFO FMU_Continuous: Extracting fmu and reading fmu model description
18.08.2022-10:11:58 INFO FMU_Continuous: Reading model variables
18.08.2022-10:11:58 INFO FMU_Continuous: Extracting fmu 2 times for multiprocessing on 2 processes
18.08.2022-10:12:11 INFO FMU_Continuous: Instantiated fmu's on all processes.
18.08.2022-10:12:11 INFO FMU_Continuous: Starting 10 simulations on 2 cores
18.08.2022-10:12:11 INFO FMU_Continuous: Finished 10 % of all 10 simulations
18.08.2022-10:12:11 INFO FMU_Continuous: Finished 20 % of all 10 simulations
18.08.2022-10:12:11 INFO FMU_Continuous: Finished 30 % of all 10 simulations
18.08.2022-10:12:11 INFO FMU_Continuous: Finished 40 % of all 10 simulations
18.08.2022-10:12:11 INFO FMU_Continuous: Finished 50 % of all 10 simulations
18.08.2022-10:12:11 INFO FMU_Continuous: Finished 60 % of all 10 simulations
18.08.2022-10:12:11 INFO FMU_Continuous: Finished 70 % of all 10 simulations
18.08.2022-10:12:11 INFO FMU_Continuous: Finished 80 % of all 10 simulations
18.08.2022-10:12:11 INFO FMU_Continuous: Finished 90 % of all 10 simulations
18.08.2022-10:12:11 INFO FMU_Continuous: Finished 100 % of all 10 simulations
18.08.2022-11:21:22 INFO FMU_Continuous: -------------------------Initializing class FMU_Continuous-------------------------
18.08.2022-11:21:59 INFO FMU_Continuous: -------------------------Initializing class FMU_Continuous-------------------------
18.08.2022-11:21:59 INFO FMU_Continuous: Extracting fmu and reading fmu model description
18.08.2022-11:22:00 INFO FMU_Continuous: Reading model variables
18.08.2022-11:22:00 INFO FMU_Continuous: Extracting fmu 2 times for multiprocessing on 2 processes
18.08.2022-11:22:10 INFO FMU_Continuous: -------------------------Initializing class FMU_Continuous-------------------------
18.08.2022-11:22:10 INFO FMU_Continuous: Extracting fmu and reading fmu model description
18.08.2022-11:22:11 INFO FMU_Continuous: Reading model variables
18.08.2022-11:22:11 INFO FMU_Continuous: Extracting fmu 2 times for multiprocessing on 2 processes
18.08.2022-11:22:13 INFO FMU_Continuous: Instantiated fmu's on all processes.
18.08.2022-11:23:00 INFO FMU_Continuous: -------------------------Initializing class FMU_Continuous-------------------------
18.08.2022-11:23:00 INFO FMU_Continuous: Extracting fmu and reading fmu model description
18.08.2022-11:23:00 INFO FMU_Continuous: Reading model variables
18.08.2022-11:23:01 INFO FMU_Continuous: Extracting fmu 2 times for multiprocessing on 2 processes
18.08.2022-11:23:03 INFO FMU_Continuous: Instantiated fmu's on all processes.
18.08.2022-11:23:03 INFO FMU_Continuous: Starting 10 simulations on 2 cores
18.08.2022-11:23:03 INFO FMU_Continuous: Finished 10 % of all 10 simulations
18.08.2022-11:23:03 INFO FMU_Continuous: Finished 20 % of all 10 simulations
18.08.2022-11:23:03 INFO FMU_Continuous: Finished 30 % of all 10 simulations
18.08.2022-11:23:03 INFO FMU_Continuous: Finished 40 % of all 10 simulations
18.08.2022-11:23:03 INFO FMU_Continuous: Finished 50 % of all 10 simulations
18.08.2022-11:23:03 INFO FMU_Continuous: Finished 60 % of all 10 simulations
18.08.2022-11:23:03 INFO FMU_Continuous: Finished 70 % of all 10 simulations
18.08.2022-11:23:03 INFO FMU_Continuous: Finished 80 % of all 10 simulations
18.08.2022-11:23:03 INFO FMU_Continuous: Finished 90 % of all 10 simulations
18.08.2022-11:23:03 INFO FMU_Continuous: Finished 100 % of all 10 simulations
18.08.2022-11:23:34 INFO FMU_Continuous: -------------------------Initializing class FMU_Continuous-------------------------
18.08.2022-11:23:34 INFO FMU_Continuous: Extracting fmu and reading fmu model description
18.08.2022-11:23:34 INFO FMU_Continuous: Reading model variables
18.08.2022-11:23:34 INFO FMU_Continuous: Extracting fmu 2 times for multiprocessing on 2 processes
18.08.2022-11:23:36 INFO FMU_Continuous: Instantiated fmu's on all processes.
18.08.2022-11:23:36 INFO FMU_Continuous: Starting 10 simulations on 2 cores
18.08.2022-11:23:36 INFO FMU_Continuous: Finished 10 % of all 10 simulations
18.08.2022-11:23:36 INFO FMU_Continuous: Finished 20 % of all 10 simulations
18.08.2022-11:23:37 INFO FMU_Continuous: Finished 30 % of all 10 simulations
18.08.2022-11:23:37 INFO FMU_Continuous: Finished 40 % of all 10 simulations
18.08.2022-11:23:37 INFO FMU_Continuous: Finished 50 % of all 10 simulations
18.08.2022-11:23:37 INFO FMU_Continuous: Finished 60 % of all 10 simulations
18.08.2022-11:23:37 INFO FMU_Continuous: Finished 70 % of all 10 simulations
18.08.2022-11:23:37 INFO FMU_Continuous: Finished 80 % of all 10 simulations
18.08.2022-11:23:37 INFO FMU_Continuous: Finished 90 % of all 10 simulations
18.08.2022-11:23:37 INFO FMU_Continuous: Finished 100 % of all 10 simulations
18.08.2022-11:23:56 INFO FMU_Continuous: -------------------------Initializing class FMU_Continuous-------------------------
18.08.2022-11:23:56 INFO FMU_Continuous: Extracting fmu and reading fmu model description
18.08.2022-11:23:56 INFO FMU_Continuous: Reading model variables
18.08.2022-11:23:56 INFO FMU_Continuous: Extracting fmu 2 times for multiprocessing on 2 processes
18.08.2022-11:24:06 INFO FMU_Continuous: -------------------------Initializing class FMU_Continuous-------------------------
18.08.2022-11:24:06 INFO FMU_Continuous: Extracting fmu and reading fmu model description
18.08.2022-11:24:06 INFO FMU_Continuous: Reading model variables
18.08.2022-11:24:06 INFO FMU_Continuous: Extracting fmu 2 times for multiprocessing on 2 processes
18.08.2022-11:24:09 INFO FMU_Continuous: Instantiated fmu's on all processes.
18.08.2022-11:24:09 INFO FMU_Continuous: Starting 10 simulations on 2 cores
18.08.2022-11:24:09 INFO FMU_Continuous: Finished 10 % of all 10 simulations
18.08.2022-11:24:09 INFO FMU_Continuous: Finished 20 % of all 10 simulations
18.08.2022-11:24:09 INFO FMU_Continuous: Finished 30 % of all 10 simulations
18.08.2022-11:24:09 INFO FMU_Continuous: Finished 40 % of all 10 simulations
18.08.2022-11:24:09 INFO FMU_Continuous: Finished 50 % of all 10 simulations
18.08.2022-11:24:09 INFO FMU_Continuous: Finished 60 % of all 10 simulations
18.08.2022-11:24:09 INFO FMU_Continuous: Finished 70 % of all 10 simulations
18.08.2022-11:24:09 INFO FMU_Continuous: Finished 80 % of all 10 simulations
18.08.2022-11:24:09 INFO FMU_Continuous: Finished 90 % of all 10 simulations
18.08.2022-11:24:09 INFO FMU_Continuous: Finished 100 % of all 10 simulations
