01.11.2022-12:38:40 INFO FMUDiscrete: -------------------------Initializing class FMUDiscrete-------------------------
01.11.2022-12:38:40 INFO FMUDiscrete: Extracting fmu and reading fmu model description
01.11.2022-12:38:41 INFO FMUDiscrete: Instantiating fmu for worker 0
01.11.2022-12:38:41 INFO FMUDiscrete: FMU 'ThermalZone_bus' initialized for discrete simulation
01.11.2022-12:38:41 INFO FMUDiscrete: Starting simulation of FMU 'ThermalZone_bus'
01.11.2022-12:38:41 INFO FMUDiscrete: Simulation of FMU 'ThermalZone_bus' finished
01.11.2022-12:38:41 INFO FMUDiscrete: Closing fmu ThermalZone_bus 
01.11.2022-12:38:41 INFO FMUDiscrete: -------------------------Initializing class FMUDiscrete-------------------------
01.11.2022-12:38:41 INFO FMUDiscrete: Extracting fmu and reading fmu model description
01.11.2022-12:38:41 INFO FMUDiscrete: Instantiating fmu for worker 0
01.11.2022-12:38:41 WARNING FMUDiscrete: Variables 'bus.setPoint' are no 'inputs' in model 'C:\Users\kbees\Desktop\EBC_Uebergabe\ebcpy\ebcpy\examples\data\ThermalZone_bus.fmu'. Will most probably trigger an error when simulating or being ignored.
01.11.2022-12:38:41 INFO FMUDiscrete: FMU 'ThermalZone_bus' initialized for discrete simulation
01.11.2022-12:38:41 INFO FMUDiscrete: Starting simulation of FMU 'ThermalZone_bus'
01.11.2022-12:38:43 INFO FMUDiscrete: Simulation of FMU 'ThermalZone_bus' finished
01.11.2022-12:38:43 INFO FMUDiscrete: FMU 'ThermalZone_bus' initialized for discrete simulation
01.11.2022-12:38:43 INFO FMUDiscrete: -------------------------Initializing class FMUDiscrete-------------------------
01.11.2022-12:38:43 INFO FMUDiscrete: Extracting fmu and reading fmu model description
01.11.2022-12:38:43 INFO FMUDiscrete: Instantiating fmu for worker 0
01.11.2022-12:38:43 WARNING FMUDiscrete: Variables 'bus.disturbance[1]' are no 'inputs' in model 'C:\Users\kbees\Desktop\EBC_Uebergabe\ebcpy\ebcpy\examples\data\PI_1_bus.fmu'. Will most probably trigger an error when simulating or being ignored.
01.11.2022-12:38:43 INFO FMUDiscrete: FMU 'PI_1_bus' initialized for discrete simulation
01.11.2022-12:38:43 INFO FMUDiscrete: Starting simulation of FMU 'PI_1_bus'
01.11.2022-12:38:43 INFO FMUDiscrete: Starting simulation of FMU 'ThermalZone_bus'
01.11.2022-12:38:45 INFO FMUDiscrete: Simulation of FMU 'PI_1_bus' finished
01.11.2022-12:38:45 INFO FMUDiscrete: Simulation of FMU 'ThermalZone_bus' finished
01.11.2022-12:38:45 INFO FMUDiscrete: Closing fmu ThermalZone_bus 
01.11.2022-12:38:45 INFO FMUDiscrete: Closing fmu PI_1_bus 
