08.09.2022-15:01:59 INFO FMU_API: -------------------------Initializing class FMU_API-------------------------
08.09.2022-15:01:59 INFO FMU_API: Extracting fmu and reading fmu model description
08.09.2022-15:01:59 INFO FMU_API: Reading model variables
08.09.2022-15:01:59 INFO FMU_API: Instantiating fmu for worker 0
08.09.2022-15:01:59 WARNING FMU_API: Warning: The following was detected at time: 0
08.09.2022-15:01:59 WARNING FMU_API:   In HeatPumpSystemForTMO.heatPumpSystem.heatPump.con: The constant homotopyInitialization has been modified from its default value. This constant will be removed in future releases.
  Failed condition: false

08.09.2022-15:01:59 WARNING FMU_API: Warning: The following was detected at time: 0
08.09.2022-15:01:59 WARNING FMU_API:   In HeatPumpSystemForTMO.heatPumpSystem.heatPump.eva: The constant homotopyInitialization has been modified from its default value. This constant will be removed in future releases.
  Failed condition: false

08.09.2022-15:01:59 WARNING FMU_API: Warning: The following was detected at time: 0
08.09.2022-15:01:59 WARNING FMU_API:   In HeatPumpSystemForTMO.heatPumpSystem.heatPump.con.preDro: The constant homotopyInitialization has been modified from its default value. This constant will be removed in future releases.
  Failed condition: false

08.09.2022-15:01:59 WARNING FMU_API: Warning: The following was detected at time: 0
08.09.2022-15:01:59 WARNING FMU_API:   In HeatPumpSystemForTMO.heatPumpSystem.heatPump.eva.preDro: The constant homotopyInitialization has been modified from its default value. This constant will be removed in future releases.
  Failed condition: false

08.09.2022-15:02:00 INFO FMU_API: Closing fmu HeatPumpSystemForTMO2 
08.09.2022-15:02:00 WARNING FMU_API: fmi2Terminate: already terminated, ignoring call
08.09.2022-15:02:00 INFO FMU_API: Closing fmu HeatPumpSystemForTMO2 
08.09.2022-15:02:16 INFO FMU_API: -------------------------Initializing class FMU_API-------------------------
08.09.2022-15:02:16 INFO FMU_API: Extracting fmu and reading fmu model description
08.09.2022-15:02:16 INFO FMU_API: Reading model variables
08.09.2022-15:02:16 INFO FMU_API: Instantiating fmu for worker 0
08.09.2022-15:02:16 INFO FMU_API: Closing fmu HeatPumpSystemForTMO2 
08.09.2022-15:02:16 INFO FMU_API: Closing fmu HeatPumpSystemForTMO2 
