02.09.2022-16:05:57 INFO FMU_Discrete: -------------------------Initializing class FMU_Discrete-------------------------
02.09.2022-16:05:57 INFO FMU_Discrete: Extracting fmu and reading fmu model description
02.09.2022-16:05:57 INFO FMU_Discrete: Reading model variables
02.09.2022-16:05:57 INFO FMU_Discrete: Instantiating fmu for worker 0
02.09.2022-16:07:04 INFO FMU_Discrete: -------------------------Initializing class FMU_Discrete-------------------------
02.09.2022-16:07:04 INFO FMU_Discrete: Extracting fmu and reading fmu model description
02.09.2022-16:07:29 INFO FMU_Discrete: -------------------------Initializing class FMU_Discrete-------------------------
02.09.2022-16:07:29 INFO FMU_Discrete: Extracting fmu and reading fmu model description
02.09.2022-16:07:29 INFO FMU_Discrete: Reading model variables
02.09.2022-16:07:29 INFO FMU_Discrete: Instantiating fmu for worker 0
02.09.2022-16:10:17 INFO FMU_Discrete: -------------------------Initializing class FMU_Discrete-------------------------
02.09.2022-16:10:17 INFO FMU_Discrete: Extracting fmu and reading fmu model description
02.09.2022-16:10:42 INFO FMU_Discrete: -------------------------Initializing class FMU_Discrete-------------------------
02.09.2022-16:10:42 INFO FMU_Discrete: Extracting fmu and reading fmu model description
02.09.2022-16:10:42 INFO FMU_Discrete: Reading model variables
02.09.2022-16:10:42 INFO FMU_Discrete: Instantiating fmu for worker 0
02.09.2022-16:11:15 ERROR FMU_Discrete: Error: The following error was detected at time: 0
02.09.2022-16:11:15 ERROR FMU_Discrete: Error: Scalar system is always singular, it may be possible to evaluate parameters to avoid this, for der(thermalZoneTwoElements.extWallRC.thermCapExt[1].T) = (thermalZoneTwoElements.extWallRC.thermCapExt[1].port.Q_flow)/(thermalZoneTwoElements.extWallRC.thermCapExt[1].C) = 78750/0
02.09.2022-16:11:15 ERROR FMU_Discrete: fmi2Terminate: calling terminal section of dsblock_ failed, QiErr = 1
02.09.2022-16:11:15 ERROR FMU_Discrete: Could not terminate fmu instance: fmi2Terminate failed with status 3 (error).
02.09.2022-16:11:15 INFO FMU_Discrete: FMU "ThermalZone_bus" closed
02.09.2022-16:11:29 INFO FMU_Discrete: -------------------------Initializing class FMU_Discrete-------------------------
02.09.2022-16:11:29 INFO FMU_Discrete: Extracting fmu and reading fmu model description
02.09.2022-16:11:29 INFO FMU_Discrete: Reading model variables
02.09.2022-16:11:29 INFO FMU_Discrete: Instantiating fmu for worker 0
02.09.2022-16:11:47 ERROR FMU_Discrete: Error: The following error was detected at time: 0
02.09.2022-16:11:47 ERROR FMU_Discrete: Error: Scalar system is always singular, it may be possible to evaluate parameters to avoid this, for der(thermalZoneTwoElements.extWallRC.thermCapExt[1].T) = (thermalZoneTwoElements.extWallRC.thermCapExt[1].port.Q_flow)/(thermalZoneTwoElements.extWallRC.thermCapExt[1].C) = 78750/0
02.09.2022-16:11:47 ERROR FMU_Discrete: fmi2Terminate: calling terminal section of dsblock_ failed, QiErr = 1
02.09.2022-16:11:47 ERROR FMU_Discrete: Could not terminate fmu instance: fmi2Terminate failed with status 3 (error).
02.09.2022-16:11:47 INFO FMU_Discrete: FMU "ThermalZone_bus" closed
02.09.2022-16:21:06 INFO FMU_Discrete: -------------------------Initializing class FMU_Discrete-------------------------
02.09.2022-16:21:06 INFO FMU_Discrete: Extracting fmu and reading fmu model description
02.09.2022-16:21:06 INFO FMU_Discrete: Reading model variables
02.09.2022-16:21:06 INFO FMU_Discrete: Instantiating fmu for worker 0
02.09.2022-16:25:02 ERROR FMU_Discrete: Error: The following error was detected at time: 0
02.09.2022-16:25:02 ERROR FMU_Discrete: Error: Scalar system is always singular, it may be possible to evaluate parameters to avoid this, for der(thermalZoneTwoElements.extWallRC.thermCapExt[1].T) = (thermalZoneTwoElements.extWallRC.thermCapExt[1].port.Q_flow)/(thermalZoneTwoElements.extWallRC.thermCapExt[1].C) = 78750/0
02.09.2022-16:25:02 ERROR FMU_Discrete: fmi2Terminate: calling terminal section of dsblock_ failed, QiErr = 1
02.09.2022-16:25:02 ERROR FMU_Discrete: Could not terminate fmu instance: fmi2Terminate failed with status 3 (error).
02.09.2022-16:25:02 INFO FMU_Discrete: FMU "ThermalZone_bus" closed
02.09.2022-16:41:34 INFO FMU_Discrete: -------------------------Initializing class FMU_Discrete-------------------------
02.09.2022-16:41:34 INFO FMU_Discrete: Extracting fmu and reading fmu model description
02.09.2022-16:41:34 INFO FMU_Discrete: Reading model variables
02.09.2022-16:41:34 INFO FMU_Discrete: Instantiating fmu for worker 0
02.09.2022-16:46:49 ERROR FMU_Discrete: Error: The following error was detected at time: 0
02.09.2022-16:46:49 ERROR FMU_Discrete: Error: Scalar system is always singular, it may be possible to evaluate parameters to avoid this, for der(thermalZoneTwoElements.extWallRC.thermCapExt[1].T) = (thermalZoneTwoElements.extWallRC.thermCapExt[1].port.Q_flow)/(thermalZoneTwoElements.extWallRC.thermCapExt[1].C) = 78750/0
02.09.2022-16:46:49 ERROR FMU_Discrete: fmi2Terminate: calling terminal section of dsblock_ failed, QiErr = 1
02.09.2022-16:46:49 ERROR FMU_Discrete: Could not terminate fmu instance: fmi2Terminate failed with status 3 (error).
02.09.2022-16:46:49 INFO FMU_Discrete: FMU "ThermalZone_bus" closed
02.09.2022-16:46:56 INFO FMU_Discrete: -------------------------Initializing class FMU_Discrete-------------------------
02.09.2022-16:46:56 INFO FMU_Discrete: Extracting fmu and reading fmu model description
02.09.2022-16:46:56 INFO FMU_Discrete: Reading model variables
02.09.2022-16:46:56 INFO FMU_Discrete: Instantiating fmu for worker 0
02.09.2022-16:49:59 ERROR FMU_Discrete: Error: The following error was detected at time: 0
02.09.2022-16:49:59 ERROR FMU_Discrete: Error: Scalar system is always singular, it may be possible to evaluate parameters to avoid this, for der(thermalZoneTwoElements.extWallRC.thermCapExt[1].T) = (thermalZoneTwoElements.extWallRC.thermCapExt[1].port.Q_flow)/(thermalZoneTwoElements.extWallRC.thermCapExt[1].C) = 78750/0
02.09.2022-16:49:59 ERROR FMU_Discrete: fmi2Terminate: calling terminal section of dsblock_ failed, QiErr = 1
02.09.2022-16:49:59 ERROR FMU_Discrete: Could not terminate fmu instance: fmi2Terminate failed with status 3 (error).
02.09.2022-16:49:59 INFO FMU_Discrete: FMU "ThermalZone_bus" closed
02.09.2022-16:56:48 INFO FMU_Discrete: -------------------------Initializing class FMU_Discrete-------------------------
02.09.2022-16:56:48 INFO FMU_Discrete: Extracting fmu and reading fmu model description
02.09.2022-16:56:48 INFO FMU_Discrete: Reading model variables
02.09.2022-16:56:48 INFO FMU_Discrete: Instantiating fmu for worker 0
02.09.2022-16:58:59 WARNING FMU_Discrete: Variables 'bus.setPoint' are no 'inputs' in model 'D:\pst-kbe\tasks\08_ebcpy_restructure\ebcpy\examples\data\ThermalZone_bus.fmu'. Will most probably trigger an error when simulating or being ignored.
02.09.2022-16:59:31 WARNING FMU_Discrete: Variables 'bus.setPoint' are no 'inputs' in model 'D:\pst-kbe\tasks\08_ebcpy_restructure\ebcpy\examples\data\ThermalZone_bus.fmu'. Will most probably trigger an error when simulating or being ignored.
02.09.2022-17:00:32 ERROR FMU_Discrete: Error: The following error was detected at time: 0
02.09.2022-17:00:32 ERROR FMU_Discrete: Error: Scalar system is always singular, it may be possible to evaluate parameters to avoid this, for der(thermalZoneTwoElements.extWallRC.thermCapExt[1].T) = (thermalZoneTwoElements.extWallRC.thermCapExt[1].port.Q_flow)/(thermalZoneTwoElements.extWallRC.thermCapExt[1].C) = 78750/0
02.09.2022-17:00:32 ERROR FMU_Discrete: fmi2Terminate: calling terminal section of dsblock_ failed, QiErr = 1
02.09.2022-17:00:32 ERROR FMU_Discrete: Could not terminate fmu instance: fmi2Terminate failed with status 3 (error).
02.09.2022-17:00:32 INFO FMU_Discrete: FMU "ThermalZone_bus" closed
02.09.2022-17:06:36 INFO FMU_Discrete: -------------------------Initializing class FMU_Discrete-------------------------
02.09.2022-17:06:36 INFO FMU_Discrete: Extracting fmu and reading fmu model description
02.09.2022-17:06:36 INFO FMU_Discrete: Reading model variables
02.09.2022-17:06:36 INFO FMU_Discrete: Instantiating fmu for worker 0
02.09.2022-17:08:59 INFO FMU_Discrete: -------------------------Initializing class FMU_Discrete-------------------------
02.09.2022-17:08:59 INFO FMU_Discrete: Extracting fmu and reading fmu model description
02.09.2022-17:08:59 INFO FMU_Discrete: Reading model variables
02.09.2022-17:08:59 INFO FMU_Discrete: Instantiating fmu for worker 0
02.09.2022-17:09:14 WARNING FMU_Discrete: Variables 'bus.setPoint' are no 'inputs' in model 'D:\pst-kbe\tasks\08_ebcpy_restructure\ebcpy\examples\data\ThermalZone_bus.fmu'. Will most probably trigger an error when simulating or being ignored.
02.09.2022-17:15:02 WARNING FMU_Discrete: Variables 'bus.setPoint' are no 'inputs' in model 'D:\pst-kbe\tasks\08_ebcpy_restructure\ebcpy\examples\data\ThermalZone_bus.fmu'. Will most probably trigger an error when simulating or being ignored.
02.09.2022-17:16:44 ERROR FMU_Discrete: Error: The following error was detected at time: 0
02.09.2022-17:16:44 ERROR FMU_Discrete: Error: Scalar system is always singular, it may be possible to evaluate parameters to avoid this, for der(thermalZoneTwoElements.extWallRC.thermCapExt[1].T) = (thermalZoneTwoElements.extWallRC.thermCapExt[1].port.Q_flow)/(thermalZoneTwoElements.extWallRC.thermCapExt[1].C) = 78750/0
02.09.2022-17:16:44 ERROR FMU_Discrete: fmi2Terminate: calling terminal section of dsblock_ failed, QiErr = 1
02.09.2022-17:16:44 ERROR FMU_Discrete: Could not terminate fmu instance: fmi2Terminate failed with status 3 (error).
02.09.2022-17:16:44 INFO FMU_Discrete: FMU "ThermalZone_bus" closed
02.09.2022-17:18:12 INFO FMU_Discrete: -------------------------Initializing class FMU_Discrete-------------------------
02.09.2022-17:18:12 INFO FMU_Discrete: Extracting fmu and reading fmu model description
02.09.2022-17:18:12 INFO FMU_Discrete: Reading model variables
02.09.2022-17:18:12 INFO FMU_Discrete: Instantiating fmu for worker 0
02.09.2022-18:11:25 INFO FMU_Discrete: -------------------------Initializing class FMU_Discrete-------------------------
02.09.2022-18:11:25 INFO FMU_Discrete: Extracting fmu and reading fmu model description
02.09.2022-18:11:25 INFO FMU_Discrete: Reading model variables
02.09.2022-18:11:25 INFO FMU_Discrete: Instantiating fmu for worker 0
02.09.2022-18:17:47 INFO FMU_Discrete: -------------------------Initializing class FMU_Discrete-------------------------
02.09.2022-18:17:47 INFO FMU_Discrete: Extracting fmu and reading fmu model description
02.09.2022-18:17:47 INFO FMU_Discrete: Reading model variables
02.09.2022-18:17:47 INFO FMU_Discrete: Instantiating fmu for worker 0
